# JRE version: OpenJDK Runtime Environment (11.0.11+9) (build 11.0.11+9-Ubuntu-0ubuntu2.20.10)
# Java VM: OpenJDK 64-Bit Server VM (11.0.11+9-Ubuntu-0ubuntu2.20.10, mixed mode, sharing, tiered, compressed oops, g1 gc, linux-amd64)
Heap:
 garbage-first heap   total 305152K, used 33236K [0x000000070b200000, 0x0000000800000000)
  region size 1024K, 28 young (28672K), 12 survivors (12288K)
 Metaspace       used 36342K, capacity 38007K, committed 38224K, reserved 1081344K
  class space    used 4897K, capacity 5571K, committed 5632K, reserved 1048576K
GC Heap History (10 events):
Event: 0,693 GC heap before
{Heap before GC invocations=0 (full 0):
 garbage-first heap   total 253952K, used 24264K [0x000000070b200000, 0x0000000800000000)
  region size 1024K, 24 young (24576K), 0 survivors (0K)
 Metaspace       used 6586K, capacity 6914K, committed 7168K, reserved 1056768K
  class space    used 802K, capacity 928K, committed 1024K, reserved 1048576K
}
Event: 0,707 GC heap after
{Heap after GC invocations=1 (full 0):
 garbage-first heap   total 253952K, used 5630K [0x000000070b200000, 0x0000000800000000)
  region size 1024K, 3 young (3072K), 3 survivors (3072K)
 Metaspace       used 6586K, capacity 6914K, committed 7168K, reserved 1056768K
  class space    used 802K, capacity 928K, committed 1024K, reserved 1048576K
}
Event: 0,996 GC heap before
{Heap before GC invocations=1 (full 0):
 garbage-first heap   total 253952K, used 26110K [0x000000070b200000, 0x0000000800000000)
  region size 1024K, 23 young (23552K), 3 survivors (3072K)
 Metaspace       used 9725K, capacity 10282K, committed 10624K, reserved 1058816K
  class space    used 1309K, capacity 1551K, committed 1664K, reserved 1048576K
}
Event: 1,004 GC heap after
{Heap after GC invocations=2 (full 0):
 garbage-first heap   total 253952K, used 7002K [0x000000070b200000, 0x0000000800000000)
  region size 1024K, 2 young (2048K), 2 survivors (2048K)
 Metaspace       used 9725K, capacity 10282K, committed 10624K, reserved 1058816K
  class space    used 1309K, capacity 1551K, committed 1664K, reserved 1048576K
}
Event: 1,473 GC heap before
{Heap before GC invocations=2 (full 0):
 garbage-first heap   total 253952K, used 62298K [0x000000070b200000, 0x0000000800000000)
  region size 1024K, 56 young (57344K), 2 survivors (2048K)
 Metaspace       used 17467K, capacity 18377K, committed 18560K, reserved 1064960K
  class space    used 2322K, capacity 2675K, committed 2688K, reserved 1048576K
}
Event: 1,478 GC heap after
{Heap after GC invocations=3 (full 0):
 garbage-first heap   total 253952K, used 10023K [0x000000070b200000, 0x0000000800000000)
  region size 1024K, 5 young (5120K), 5 survivors (5120K)
 Metaspace       used 17467K, capacity 18377K, committed 18560K, reserved 1064960K
  class space    used 2322K, capacity 2675K, committed 2688K, reserved 1048576K
}
Event: 1,720 GC heap before
{Heap before GC invocations=3 (full 0):
 garbage-first heap   total 253952K, used 32551K [0x000000070b200000, 0x0000000800000000)
  region size 1024K, 28 young (28672K), 5 survivors (5120K)
 Metaspace       used 20128K, capacity 21124K, committed 21296K, reserved 1067008K
  class space    used 2705K, capacity 3107K, committed 3200K, reserved 1048576K
}
Event: 1,726 GC heap after
{Heap after GC invocations=4 (full 0):
 garbage-first heap   total 253952K, used 10958K [0x000000070b200000, 0x0000000800000000)
  region size 1024K, 6 young (6144K), 6 survivors (6144K)
 Metaspace       used 20128K, capacity 21124K, committed 21296K, reserved 1067008K
  class space    used 2705K, capacity 3107K, committed 3200K, reserved 1048576K
}
Event: 2,710 GC heap before
{Heap before GC invocations=5 (full 0):
 garbage-first heap   total 253952K, used 108238K [0x000000070b200000, 0x0000000800000000)
  region size 1024K, 102 young (104448K), 6 survivors (6144K)
 Metaspace       used 34166K, capacity 35811K, committed 35920K, reserved 1079296K
  class space    used 4655K, capacity 5331K, committed 5376K, reserved 1048576K
}
Event: 2,724 GC heap after
{Heap after GC invocations=6 (full 0):
 garbage-first heap   total 305152K, used 17876K [0x000000070b200000, 0x0000000800000000)
  region size 1024K, 12 young (12288K), 12 survivors (12288K)
 Metaspace       used 34166K, capacity 35811K, committed 35920K, reserved 1079296K
  class space    used 4655K, capacity 5331K, committed 5376K, reserved 1048576K
}

