# JRE version: OpenJDK Runtime Environment (11.0.11+9) (build 11.0.11+9-Ubuntu-0ubuntu2.20.10)
# Java VM: OpenJDK 64-Bit Server VM (11.0.11+9-Ubuntu-0ubuntu2.20.10, mixed mode, sharing, tiered, compressed oops, g1 gc, linux-amd64)
Heap:
 garbage-first heap   total 253952K, used 27386K [0x000000070b200000, 0x0000000800000000)
  region size 1024K, 22 young (22528K), 11 survivors (11264K)
 Metaspace       used 35917K, capacity 37594K, committed 37808K, reserved 1081344K
  class space    used 4904K, capacity 5574K, committed 5632K, reserved 1048576K
GC Heap History (8 events):
Event: 0,609 GC heap before
{Heap before GC invocations=0 (full 0):
 garbage-first heap   total 253952K, used 25288K [0x000000070b200000, 0x0000000800000000)
  region size 1024K, 24 young (24576K), 0 survivors (0K)
 Metaspace       used 7575K, capacity 7963K, committed 8064K, reserved 1056768K
  class space    used 973K, capacity 1112K, committed 1152K, reserved 1048576K
}
Event: 0,617 GC heap after
{Heap after GC invocations=1 (full 0):
 garbage-first heap   total 253952K, used 5944K [0x000000070b200000, 0x0000000800000000)
  region size 1024K, 3 young (3072K), 3 survivors (3072K)
 Metaspace       used 7575K, capacity 7963K, committed 8064K, reserved 1056768K
  class space    used 973K, capacity 1112K, committed 1152K, reserved 1048576K
}
Event: 0,923 GC heap before
{Heap before GC invocations=1 (full 0):
 garbage-first heap   total 253952K, used 41784K [0x000000070b200000, 0x0000000800000000)
  region size 1024K, 38 young (38912K), 3 survivors (3072K)
 Metaspace       used 14726K, capacity 15404K, committed 15616K, reserved 1062912K
  class space    used 1970K, capacity 2268K, committed 2304K, reserved 1048576K
}
Event: 0,936 GC heap after
{Heap after GC invocations=2 (full 0):
 garbage-first heap   total 253952K, used 8118K [0x000000070b200000, 0x0000000800000000)
  region size 1024K, 3 young (3072K), 3 survivors (3072K)
 Metaspace       used 14726K, capacity 15404K, committed 15616K, reserved 1062912K
  class space    used 1970K, capacity 2268K, committed 2304K, reserved 1048576K
}
Event: 1,457 GC heap before
{Heap before GC invocations=2 (full 0):
 garbage-first heap   total 253952K, used 54198K [0x000000070b200000, 0x0000000800000000)
  region size 1024K, 50 young (51200K), 3 survivors (3072K)
 Metaspace       used 20199K, capacity 21172K, committed 21296K, reserved 1067008K
  class space    used 2754K, capacity 3172K, committed 3200K, reserved 1048576K
}
Event: 1,465 GC heap after
{Heap after GC invocations=3 (full 0):
 garbage-first heap   total 253952K, used 10881K [0x000000070b200000, 0x0000000800000000)
  region size 1024K, 5 young (5120K), 5 survivors (5120K)
 Metaspace       used 20199K, capacity 21172K, committed 21296K, reserved 1067008K
  class space    used 2754K, capacity 3172K, committed 3200K, reserved 1048576K
}
Event: 10,671 GC heap before
{Heap before GC invocations=4 (full 0):
 garbage-first heap   total 253952K, used 99969K [0x000000070b200000, 0x0000000800000000)
  region size 1024K, 93 young (95232K), 5 survivors (5120K)
 Metaspace       used 34094K, capacity 35690K, committed 35888K, reserved 1079296K
  class space    used 4701K, capacity 5386K, committed 5504K, reserved 1048576K
}
Event: 10,698 GC heap after
{Heap after GC invocations=5 (full 0):
 garbage-first heap   total 253952K, used 17146K [0x000000070b200000, 0x0000000800000000)
  region size 1024K, 11 young (11264K), 11 survivors (11264K)
 Metaspace       used 34094K, capacity 35690K, committed 35888K, reserved 1079296K
  class space    used 4701K, capacity 5386K, committed 5504K, reserved 1048576K
}

