# JRE version: OpenJDK Runtime Environment (11.0.11+9) (build 11.0.11+9-Ubuntu-0ubuntu2.20.10)
# Java VM: OpenJDK 64-Bit Server VM (11.0.11+9-Ubuntu-0ubuntu2.20.10, mixed mode, sharing, tiered, compressed oops, g1 gc, linux-amd64)
Heap:
 garbage-first heap   total 305152K, used 34269K [0x000000070b200000, 0x0000000800000000)
  region size 1024K, 29 young (29696K), 12 survivors (12288K)
 Metaspace       used 36356K, capacity 38011K, committed 38224K, reserved 1081344K
  class space    used 4896K, capacity 5571K, committed 5632K, reserved 1048576K
GC Heap History (10 events):
Event: 0,736 GC heap before
{Heap before GC invocations=0 (full 0):
 garbage-first heap   total 253952K, used 24264K [0x000000070b200000, 0x0000000800000000)
  region size 1024K, 24 young (24576K), 0 survivors (0K)
 Metaspace       used 6603K, capacity 6914K, committed 7168K, reserved 1056768K
  class space    used 802K, capacity 928K, committed 1024K, reserved 1048576K
}
Event: 0,747 GC heap after
{Heap after GC invocations=1 (full 0):
 garbage-first heap   total 253952K, used 5620K [0x000000070b200000, 0x0000000800000000)
  region size 1024K, 3 young (3072K), 3 survivors (3072K)
 Metaspace       used 6603K, capacity 6914K, committed 7168K, reserved 1056768K
  class space    used 802K, capacity 928K, committed 1024K, reserved 1048576K
}
Event: 0,994 GC heap before
{Heap before GC invocations=1 (full 0):
 garbage-first heap   total 253952K, used 25076K [0x000000070b200000, 0x0000000800000000)
  region size 1024K, 22 young (22528K), 3 survivors (3072K)
 Metaspace       used 9633K, capacity 10186K, committed 10240K, reserved 1058816K
  class space    used 1290K, capacity 1519K, committed 1536K, reserved 1048576K
}
Event: 1,004 GC heap after
{Heap after GC invocations=2 (full 0):
 garbage-first heap   total 253952K, used 7004K [0x000000070b200000, 0x0000000800000000)
  region size 1024K, 2 young (2048K), 2 survivors (2048K)
 Metaspace       used 9633K, capacity 10186K, committed 10240K, reserved 1058816K
  class space    used 1290K, capacity 1519K, committed 1536K, reserved 1048576K
}
Event: 1,412 GC heap before
{Heap before GC invocations=2 (full 0):
 garbage-first heap   total 253952K, used 58204K [0x000000070b200000, 0x0000000800000000)
  region size 1024K, 53 young (54272K), 2 survivors (2048K)
 Metaspace       used 17492K, capacity 18376K, committed 18560K, reserved 1064960K
  class space    used 2319K, capacity 2686K, committed 2688K, reserved 1048576K
}
Event: 1,416 GC heap after
{Heap after GC invocations=3 (full 0):
 garbage-first heap   total 253952K, used 9947K [0x000000070b200000, 0x0000000800000000)
  region size 1024K, 5 young (5120K), 5 survivors (5120K)
 Metaspace       used 17492K, capacity 18376K, committed 18560K, reserved 1064960K
  class space    used 2319K, capacity 2686K, committed 2688K, reserved 1048576K
}
Event: 1,659 GC heap before
{Heap before GC invocations=3 (full 0):
 garbage-first heap   total 253952K, used 35547K [0x000000070b200000, 0x0000000800000000)
  region size 1024K, 31 young (31744K), 5 survivors (5120K)
 Metaspace       used 20140K, capacity 21128K, committed 21296K, reserved 1067008K
  class space    used 2705K, capacity 3107K, committed 3200K, reserved 1048576K
}
Event: 1,666 GC heap after
{Heap after GC invocations=4 (full 0):
 garbage-first heap   total 253952K, used 10970K [0x000000070b200000, 0x0000000800000000)
  region size 1024K, 6 young (6144K), 6 survivors (6144K)
 Metaspace       used 20140K, capacity 21128K, committed 21296K, reserved 1067008K
  class space    used 2705K, capacity 3107K, committed 3200K, reserved 1048576K
}
Event: 2,639 GC heap before
{Heap before GC invocations=5 (full 0):
 garbage-first heap   total 253952K, used 109274K [0x000000070b200000, 0x0000000800000000)
  region size 1024K, 103 young (105472K), 6 survivors (6144K)
 Metaspace       used 34162K, capacity 35810K, committed 35920K, reserved 1079296K
  class space    used 4652K, capacity 5329K, committed 5376K, reserved 1048576K
}
Event: 2,649 GC heap after
{Heap after GC invocations=6 (full 0):
 garbage-first heap   total 305152K, used 17885K [0x000000070b200000, 0x0000000800000000)
  region size 1024K, 12 young (12288K), 12 survivors (12288K)
 Metaspace       used 34162K, capacity 35810K, committed 35920K, reserved 1079296K
  class space    used 4652K, capacity 5329K, committed 5376K, reserved 1048576K
}

